  movable.c
C:\Users\danie\Documents\AIV_III\C\Bomberman\Bomberman\src\movable.c(15,60): warning C4244: '=': conversione da 'uint32_t' a 'float'. Possibile perdita di dati.
C:\Users\danie\Documents\AIV_III\C\Bomberman\Bomberman\src\movable.c(20,61): warning C4244: '=': conversione da 'uint32_t' a 'float'. Possibile perdita di dati.
C:\Users\danie\Documents\AIV_III\C\Bomberman\Bomberman\src\movable.c(30,59): warning C4244: '=': conversione da 'uint32_t' a 'float'. Possibile perdita di dati.
C:\Users\danie\Documents\AIV_III\C\Bomberman\Bomberman\src\movable.c(33,42): warning C4244: '=': conversione da 'float' a 'uint32_t'. Possibile perdita di dati.
C:\Users\danie\Documents\AIV_III\C\Bomberman\Bomberman\src\movable.c(37,60): warning C4244: '=': conversione da 'uint32_t' a 'float'. Possibile perdita di dati.
C:\Users\danie\Documents\AIV_III\C\Bomberman\Bomberman\src\movable.c(51,48): warning C4244: '=': conversione da 'uint32_t' a 'float'. Possibile perdita di dati.
C:\Users\danie\Documents\AIV_III\C\Bomberman\Bomberman\src\movable.c(54,42): warning C4244: '=': conversione da 'float' a 'uint32_t'. Possibile perdita di dati.
C:\Users\danie\Documents\AIV_III\C\Bomberman\Bomberman\src\movable.c(58,49): warning C4244: '=': conversione da 'uint32_t' a 'float'. Possibile perdita di dati.
C:\Users\danie\Documents\AIV_III\C\Bomberman\Bomberman\src\movable.c(73,60): warning C4244: '=': conversione da 'uint32_t' a 'float'. Possibile perdita di dati.
C:\Users\danie\Documents\AIV_III\C\Bomberman\Bomberman\src\movable.c(77,42): warning C4244: '=': conversione da 'float' a 'uint32_t'. Possibile perdita di dati.
C:\Users\danie\Documents\AIV_III\C\Bomberman\Bomberman\src\movable.c(81,61): warning C4244: '=': conversione da 'uint32_t' a 'float'. Possibile perdita di dati.
C:\Users\danie\Documents\AIV_III\C\Bomberman\Bomberman\src\movable.c(96,48): warning C4244: '=': conversione da 'uint32_t' a 'float'. Possibile perdita di dati.
C:\Users\danie\Documents\AIV_III\C\Bomberman\Bomberman\src\movable.c(100,42): warning C4244: '=': conversione da 'float' a 'uint32_t'. Possibile perdita di dati.
C:\Users\danie\Documents\AIV_III\C\Bomberman\Bomberman\src\movable.c(104,49): warning C4244: '=': conversione da 'uint32_t' a 'float'. Possibile perdita di dati.
C:\Users\danie\Documents\AIV_III\C\Bomberman\Bomberman\src\movable.c(25,1): warning C4244: 'inizializzazione': conversione da 'float' a 'uint32_t'. Possibile perdita di dati.
C:\Users\danie\Documents\AIV_III\C\Bomberman\Bomberman\src\movable.c(26,1): warning C4244: 'inizializzazione': conversione da 'float' a 'uint32_t'. Possibile perdita di dati.
C:\Users\danie\Documents\AIV_III\C\Bomberman\Bomberman\src\movable.c(46,1): warning C4244: 'inizializzazione': conversione da 'float' a 'uint32_t'. Possibile perdita di dati.
C:\Users\danie\Documents\AIV_III\C\Bomberman\Bomberman\src\movable.c(47,1): warning C4244: 'inizializzazione': conversione da 'float' a 'uint32_t'. Possibile perdita di dati.
C:\Users\danie\Documents\AIV_III\C\Bomberman\Bomberman\src\movable.c(68,1): warning C4244: 'inizializzazione': conversione da 'float' a 'uint32_t'. Possibile perdita di dati.
C:\Users\danie\Documents\AIV_III\C\Bomberman\Bomberman\src\movable.c(69,1): warning C4244: 'inizializzazione': conversione da 'float' a 'uint32_t'. Possibile perdita di dati.
C:\Users\danie\Documents\AIV_III\C\Bomberman\Bomberman\src\movable.c(91,1): warning C4244: 'inizializzazione': conversione da 'float' a 'uint32_t'. Possibile perdita di dati.
C:\Users\danie\Documents\AIV_III\C\Bomberman\Bomberman\src\movable.c(92,1): warning C4244: 'inizializzazione': conversione da 'float' a 'uint32_t'. Possibile perdita di dati.
  Bomberman.vcxproj -> C:\Users\danie\Documents\AIV_III\C\Bomberman\x64\Debug\Bomberman.exe
